601970
601970
601970
601970
601970
601970
601971
601971
601972
601972
601972
601972
601972
601972
601972
601972
601972
601972
601973
601973
601974
601974
601974
601974
601974
601974
601974
601974
601974
601974
601974
601974
601974
601974
601974
601974
601974
601974
601974
601974
601974
601974
601975
601975
601975
601975
601975
601975
601975
601975
601975
601975
601975
601975
601975
601975
601975
601975
601976
601976
601976
601976
601976
601976
601976
601976
601976
601976
601976
601976
601976
601976
601977
601977
601977
601977
601977
601977
601977
601977
601977
601977
601977
601977
601977
601977
601978
601978
601978
601978
601978
601978
601978
601978
601978
601978
601978
601978
601978
601978
601979
601979
601979
601979
601979
601979
601980
601980
601980
601980
601980
601980
601980
601980
601980
601980
601980
601980
601980
601980
601980
601980
601980
601980
601980
601980
601980
601980
601980
601980
601980
601980
601980
601980
601980
601980
601980
601980
601980
601980
601980
601980
601980
601980
601980
601980
601980
601980
601980
601980
601980
601980
601982
601982
601982
601982
601982
601982
601982
601982
601982
601982
601982
601982
601982
601982
601983
601983
601983
601983
601983
601983
601983
601983
601983
601983
601984
601984
601984
601984
601984
601984
601984
601984
601984
601984
601984
601984
601984
601984
601985
601985
601986
601986
601986
601986
601986
601986
601986
601986
601986
601986
601986
601986
601986
601986
601986
601986
601986
601986
601986
601986
601986
601986
601986
601986
601986
601986
601986
601986
601986
601986
601987
601987
601987
601987
601988
601988
601988
601988
601989
601989
601989
601989
601989
601989
601990
601990
601990
601990
601990
601990
601990
601990
601990
601990
601990
601990
601990
601990
601991
601991
601992
601992
601992
601992
601992
601992
601992
601992
601992
601992
601992
601992
601992
601992
601992
601992
601992
601992
601992
601992
601992
601992
601992
601992
601992
601992
601992
601992
601992
601992
601992
601992
601992
601992
601992
601992
601992
601992
601993
601993
601994
601994
601995
601995
601995
601995
601995
601995
601995
601995
601995
601995
601995
601995
601995
601995
601996
601996
601996
601996
601996
601996
601996
601996
601996
601996
601996
601996
601996
601996
601996
601996
601997
601997
601998
601998
601998
601998
601998
601998
601999
601999
602000
602000
602000
602000
602000
602000
602000
602000
602000
602000
602000
602000
602000
602000
602000
602000
602000
602000
602000
602000
602000
602000
602000
602000
602000
602000
602000
602000
602000
602000
602000
602000
602000
602000
602000
602000
602000
602000
602000
602000
602000
602000
602000
602000
602000
602000
602000
602000
602000
602000
602000
602000
602000
602000
602000
602000
602000
602000
602000
602000
602000
602000
602000
602000
602000
602000
602000
602000
602000
602000
602000
602000
602000
602000
602000
602000
602000
602000
602001
602001
602001
602001
602002
602002
602002
602002
602002
602002
602002
602002
602002
602002
602003
602003
602004
602004
602004
602004
602004
602004
602004
602004
602004
602004
602004
602004
602004
602004
602004
602004
602004
602004
602004
602004
602004
602004
602004
602004
602004
602004
602004
602004
602004
602004
602004
602004
602004
602004
602004
602004
602004
602004
602004
602004
602004
602004
602004
602004
602004
602004
602005
602005
602006
602006
602006
602006
602006
602006
602007
602007
602007
602007
602007
602007
602007
602007
602007
602007
602007
602007
602007
602007
602008
602008
602008
602008
602008
602008
602008
602008
602008
602008
602008
602008
602008
602008
602009
602009
602009
602009
602009
602009
602010
602010
602010
602010
602010
602010
602010
602010
602010
602010
602010
602010
602010
602010
602010
602010
602010
602010
602010
602010
602010
602010
602011
602011
602012
602012
602012
602012
602013
602013
602014
602014
602014
602014
602014
602014
602014
602014
602014
602014
602015
602015
602015
602015
602015
602015
602016
602016
602016
602016
602016
602016
602016
602016
602016
602016
602016
602016
602016
602016
602016
602016
602016
602016
602016
602016
602016
602016
602017
602017
602018
602018
602018
602018
602018
602018
602019
602019
602019
602019
602019
602019
602019
602019
602019
602019
602019
602019
602019
602019
602020
602020
602020
602020
602020
602020
602020
602020
602020
602020
602020
602020
602020
602020
602020
602020
602020
602020
602020
602020
602020
602020
602021
602021
602021
602021
602021
602021
602022
602022
602022
602022
602022
602022
602022
602022
602022
602022
602022
602022
602022
602022
602023
602023
602024
602024
602024
602024
602024
602024
602025
602025
602025
602025
602025
602025
602025
602025
602025
602025
602025
602025
602025
602025
602025
602025
602025
602025
602025
602025
602025
602025
602026
602026
602027
602027
602027
602027
602027
602027
602028
602028
602028
602028
602028
602028
602028
602028
602028
602028
602028
602028
602028
602028
602028
602028
602028
602028
602028
602028
602028
602028
602028
602028
602028
602028
602028
602028
602028
602028
602028
602028
602028
602028
602030
602030
602030
602030
602030
602030
602030
602030
602030
602030
602030
602030
602030
602030
602030
602030
602030
602030
602030
602030
602030
602030
602030
602030
602030
602030
602030
602030
602030
602030
602031
602031
602031
602031
602031
602031
602032
602032
602032
602032
602032
602032
602032
602032
602032
602032
602032
602032
602032
602032
602032
602032
602032
602032
602034
602034
602034
602034
602034
602034
602034
602034
602034
602034
602034
602034
602034
602034
602035
602035
602035
602035
602035
602035
602035
602035
602035
602035
602035
602035
602035
602035
602036
602036
602036
602036
602036
602036
602036
602036
602036
602036
602037
602037
602037
602037
602037
602037
602037
602037
602037
602037
602038
602038
602038
602038
602038
602038
602040
602040
602040
602040
602040
602040
602040
602040
602040
602040
602040
602040
602040
602040
602040
602040
602040
602040
602040
602040
602040
602040
602040
602040
602040
602040
602040
602040
602040
602040
602040
602040
602040
602040
602040
602040
602040
602040
602040
602040
602040
602040
602040
602040
602040
602040
602040
602040
602040
602040
602040
602040
602040
602040
602040
602040
602040
602040
602040
602040
602040
602040
602041
602041
602041
602041
602041
602041
602042
602042
602042
602042
602042
602042
602043
602043
602043
602043
602043
602043
602043
602043
602043
602043
602043
602043
602043
602043
602044
602044
602044
602044
602044
602044
602044
602044
602044
602044
602045
602045
602045
602045
602046
602046
602046
602046
602046
602046
602046
602046
602046
602046
602046
602046
602046
602046
602048
602048
602048
602048
602048
602048
602048
602048
602048
602048
602048
602048
602048
602048
602048
602048
602048
602048
602048
602048
602048
602048
602048
602048
602048
602048
602049
602049
602049
602049
602049
602049
602050
602050
602050
602050
602050
602050
602050
602050
602050
602050
602051
602051
602052
602052
602052
602052
602052
602052
602052
602052
602052
602052
602052
602052
